<?xml version="1.0" encoding="UTF-8"?>
<!-- Generated by org.testng.reporters.JUnitReportReporter -->
<testsuite hostname="Vishesh-Raaj" name="utilities.Read_PDF" tests="1" failures="0" timestamp="2 Aug 2020 08:10:22 GMT" time="4.946" errors="1">
  <testcase name="readPDFEngine" time="4.946" classname="utilities.Read_PDF">
    <error type="java.lang.NoClassDefFoundError" message="org/apache/fontbox/afm/AFMParser">
      <![CDATA[java.lang.NoClassDefFoundError: org/apache/fontbox/afm/AFMParser
	at org.apache.pdfbox.pdmodel.font.Standard14Fonts.addAFM(Standard14Fonts.java:123)
	at org.apache.pdfbox.pdmodel.font.Standard14Fonts.addAFM(Standard14Fonts.java:102)
	at org.apache.pdfbox.pdmodel.font.Standard14Fonts.<clinit>(Standard14Fonts.java:45)
	at org.apache.pdfbox.pdmodel.font.PDFont.<init>(PDFont.java:113)
	at org.apache.pdfbox.pdmodel.font.PDType0Font.<init>(PDType0Font.java:180)
	at org.apache.pdfbox.pdmodel.font.PDFontFactory.createFont(PDFontFactory.java:97)
	at org.apache.pdfbox.pdmodel.PDResources.getFont(PDResources.java:146)
	at org.apache.pdfbox.contentstream.operator.text.SetFontAndSize.process(SetFontAndSize.java:66)
	at org.apache.pdfbox.contentstream.PDFStreamEngine.processOperator(PDFStreamEngine.java:932)
	at org.apache.pdfbox.contentstream.PDFStreamEngine.processStreamOperators(PDFStreamEngine.java:510)
	at org.apache.pdfbox.contentstream.PDFStreamEngine.processStream(PDFStreamEngine.java:484)
	at org.apache.pdfbox.contentstream.PDFStreamEngine.processPage(PDFStreamEngine.java:156)
	at org.apache.pdfbox.text.LegacyPDFStreamEngine.processPage(LegacyPDFStreamEngine.java:139)
	at org.apache.pdfbox.text.PDFTextStripper.processPage(PDFTextStripper.java:391)
	at org.apache.pdfbox.text.PDFTextStripper.processPages(PDFTextStripper.java:319)
	at org.apache.pdfbox.text.PDFTextStripper.writeText(PDFTextStripper.java:266)
	at org.apache.pdfbox.text.PDFTextStripper.getText(PDFTextStripper.java:227)
	at utilities.Read_PDF.readPDFEngine(Read_PDF.java:22)
	at sun.reflect.NativeMethodAccessorImpl.invoke0(Native Method)
	at sun.reflect.NativeMethodAccessorImpl.invoke(Unknown Source)
	at sun.reflect.DelegatingMethodAccessorImpl.invoke(Unknown Source)
	at java.lang.reflect.Method.invoke(Unknown Source)
	at org.testng.internal.MethodInvocationHelper.invokeMethod(MethodInvocationHelper.java:85)
	at org.testng.internal.Invoker.invokeMethod(Invoker.java:663)
	at org.testng.internal.Invoker.invokeTestMethod(Invoker.java:849)
	at org.testng.internal.Invoker.invokeTestMethods(Invoker.java:1157)
	at org.testng.internal.TestMethodWorker.invokeTestMethods(TestMethodWorker.java:124)
	at org.testng.internal.TestMethodWorker.run(TestMethodWorker.java:108)
	at org.testng.TestRunner.privateRun(TestRunner.java:771)
	at org.testng.TestRunner.run(TestRunner.java:621)
	at org.testng.SuiteRunner.runTest(SuiteRunner.java:357)
	at org.testng.SuiteRunner.runSequentially(SuiteRunner.java:352)
	at org.testng.SuiteRunner.privateRun(SuiteRunner.java:310)
	at org.testng.SuiteRunner.run(SuiteRunner.java:259)
	at org.testng.SuiteRunnerWorker.runSuite(SuiteRunnerWorker.java:52)
	at org.testng.SuiteRunnerWorker.run(SuiteRunnerWorker.java:86)
	at org.testng.TestNG.runSuitesSequentially(TestNG.java:1200)
	at org.testng.TestNG.runSuitesLocally(TestNG.java:1125)
	at org.testng.TestNG.run(TestNG.java:1033)
	at org.testng.remote.RemoteTestNG.run(RemoteTestNG.java:111)
	at org.testng.remote.RemoteTestNG.initAndRun(RemoteTestNG.java:204)
	at org.testng.remote.RemoteTestNG.main(RemoteTestNG.java:175)
Caused by: java.lang.ClassNotFoundException: org.apache.fontbox.afm.AFMParser
	at java.net.URLClassLoader.findClass(Unknown Source)
	at java.lang.ClassLoader.loadClass(Unknown Source)
	at sun.misc.Launcher$AppClassLoader.loadClass(Unknown Source)
	at java.lang.ClassLoader.loadClass(Unknown Source)
	... 42 more
]]>
    </error>
  </testcase> <!-- readPDFEngine -->
</testsuite> <!-- utilities.Read_PDF -->
