<?xml version="1.0" encoding="UTF-8"?>
<!-- Generated by org.testng.reporters.JUnitReportReporter -->
<testsuite skipped="0" hostname="LAPTOP-8U9JL292" name="pack1.Demo_Aa4" tests="1" failures="0" timestamp="20 Apr 2020 17:43:43 GMT" time="9.241" errors="0">
  <testcase name="getDataFromJsonFile" time="9.241" classname="pack1.Demo_Aa4"/>
</testsuite> <!-- pack1.Demo_Aa4 -->
