<?xml version="1.0" encoding="UTF-8"?>
<!-- Generated by org.testng.reporters.JUnitReportReporter -->
<testsuite skipped="0" hostname="LAPTOP-8U9JL292" name="pack1.Demo_Aa3" tests="5" failures="0" timestamp="20 Apr 2020 17:06:16 GMT" time="16.435" errors="0">
  <testcase name="addBookToApi" time="14.998" classname="pack1.Demo_Aa3"/>
  <testcase name="addBookToApi" time="0.410" classname="pack1.Demo_Aa3"/>
  <testcase name="addBookToApi" time="0.465" classname="pack1.Demo_Aa3"/>
  <testcase name="addBookToApi" time="0.261" classname="pack1.Demo_Aa3"/>
  <testcase name="addBookToApi" time="0.301" classname="pack1.Demo_Aa3"/>
</testsuite> <!-- pack1.Demo_Aa3 -->
