<?xml version="1.0" encoding="UTF-8"?>
<!-- Generated by org.testng.reporters.JUnitReportReporter -->
<testsuite skipped="0" hostname="LAPTOP-8U9JL292" name="pack1.Demo_Aa2" tests="1" failures="0" timestamp="20 Apr 2020 14:15:01 GMT" time="6.599" errors="0">
  <testcase name="parseJSONInput" time="6.599" classname="pack1.Demo_Aa2"/>
</testsuite> <!-- pack1.Demo_Aa2 -->
