<?xml version="1.0" encoding="UTF-8"?>
<!-- Generated by org.testng.reporters.JUnitReportReporter -->
<testsuite skipped="0" hostname="LAPTOP-8U9JL292" name="pack1.Demo_Aa1" tests="1" failures="0" timestamp="20 Apr 2020 12:22:33 GMT" time="11.029" errors="0">
  <testcase name="runAPI" time="11.029" classname="pack1.Demo_Aa1"/>
</testsuite> <!-- pack1.Demo_Aa1 -->
