<?xml version="1.0" encoding="UTF-8"?>
<!-- Generated by org.testng.reporters.JUnitReportReporter -->
<testsuite hostname="Vishesh-Raaj" name="pack3.Read_PDF" tests="1" failures="0" timestamp="2 Aug 2020 09:12:57 GMT" time="36.267" errors="0">
  <testcase name="readPDFEngine" time="36.267" classname="pack3.Read_PDF"/>
</testsuite> <!-- pack3.Read_PDF -->
