<?xml version="1.0" encoding="UTF-8"?>
<!-- Generated by org.testng.reporters.JUnitReportReporter -->
<testsuite skipped="0" hostname="LAPTOP-8U9JL292" name="pack1.Demo_Aa5" tests="1" failures="0" timestamp="28 Apr 2020 09:43:01 GMT" time="11.655" errors="0">
  <testcase name="loginToJIRA" time="11.655" classname="pack1.Demo_Aa5"/>
</testsuite> <!-- pack1.Demo_Aa5 -->
