<?xml version="1.0" encoding="UTF-8"?>
<!-- Generated by org.testng.reporters.JUnitReportReporter -->
<testsuite skipped="0" hostname="LAPTOP-8U9JL292" name="section_12.Demo_A7" tests="1" failures="0" timestamp="01 Feb 2020 19:42:08 GMT" time="18.657" errors="0">
  <testcase name="bookATickets" time="18.657" classname="section_12.Demo_A7"/>
</testsuite> <!-- section_12.Demo_A7 -->
