<?xml version="1.0" encoding="UTF-8"?>
<!-- Generated by org.testng.reporters.JUnitReportReporter -->
<testsuite skipped="0" hostname="LAPTOP-8U9JL292" name="section_14.Demo_A2" tests="2" failures="0" timestamp="28 Dec 2019 15:54:07 GMT" time="0.137" errors="0">
  <testcase name="getAllCookiesFromFaceBook" time="0.081" classname="section_14.Demo_A2"/>
  <testcase name="getAllCookieAfterDeleting" time="0.056" classname="section_14.Demo_A2"/>
</testsuite> <!-- section_14.Demo_A2 -->
