<?xml version="1.0" encoding="UTF-8"?>
<!-- Generated by org.testng.reporters.JUnitReportReporter -->
<testsuite skipped="0" hostname="LAPTOP-8U9JL292" name="section_14.Demo_A4" tests="1" failures="0" timestamp="28 Dec 2019 21:59:49 GMT" time="2.412" errors="0">
  <testcase name="performActions" time="2.412" classname="section_14.Demo_A4"/>
</testsuite> <!-- section_14.Demo_A4 -->
